<?xml version="1.0" encoding="UTF-8"?>
<testng-results skipped="0" failed="0" ignored="0" total="6" passed="6">
  <reporter-output>
  </reporter-output>
  <suite name="Default suite" duration-ms="4488" started-at="2018-06-22T11:24:54Z" finished-at="2018-06-22T11:24:59Z">
    <groups>
    </groups>
    <test name="Default test" duration-ms="4488" started-at="2018-06-22T11:24:54Z" finished-at="2018-06-22T11:24:59Z">
      <class name="Tatoc">
        <test-method status="PASS" signature="BasicCourse()[pri:0, instance:Tatoc@6f10d5b6]" name="BasicCourse" duration-ms="269" started-at="2018-06-22T11:24:54Z" finished-at="2018-06-22T11:24:55Z">
          <reporter-output>
          </reporter-output>
        </test-method> <!-- BasicCourse -->
        <test-method status="PASS" signature="greenBox()[pri:0, instance:Tatoc@6f10d5b6]" name="greenBox" duration-ms="346" started-at="2018-06-22T11:24:55Z" finished-at="2018-06-22T11:24:55Z">
          <reporter-output>
          </reporter-output>
        </test-method> <!-- greenBox -->
        <test-method status="PASS" signature="frameDungeon()[pri:0, instance:Tatoc@6f10d5b6]" name="frameDungeon" duration-ms="1824" started-at="2018-06-22T11:24:55Z" depends-on-methods="Tatoc.greenBox" finished-at="2018-06-22T11:24:57Z">
          <reporter-output>
          </reporter-output>
        </test-method> <!-- frameDungeon -->
        <test-method status="PASS" signature="drag()[pri:0, instance:Tatoc@6f10d5b6]" name="drag" duration-ms="355" started-at="2018-06-22T11:24:57Z" depends-on-methods="Tatoc.frameDungeon" finished-at="2018-06-22T11:24:57Z">
          <reporter-output>
          </reporter-output>
        </test-method> <!-- drag -->
        <test-method status="PASS" signature="popup()[pri:0, instance:Tatoc@6f10d5b6]" name="popup" duration-ms="1370" started-at="2018-06-22T11:24:57Z" depends-on-methods="Tatoc.drag" finished-at="2018-06-22T11:24:59Z">
          <reporter-output>
          </reporter-output>
        </test-method> <!-- popup -->
        <test-method status="PASS" signature="cookie()[pri:0, instance:Tatoc@6f10d5b6]" name="cookie" duration-ms="266" started-at="2018-06-22T11:24:59Z" depends-on-methods="Tatoc.popup" finished-at="2018-06-22T11:24:59Z">
          <reporter-output>
          </reporter-output>
        </test-method> <!-- cookie -->
      </class> <!-- Tatoc -->
    </test> <!-- Default test -->
  </suite> <!-- Default suite -->
</testng-results>
